Removed Pin From Net: NetName=WR# Pin=P20-7
Removed Pin From Net: NetName=PB0 Pin=P20-8
Removed Pin From Net: NetName=RD# Pin=P20-9
Removed Pin From Net: NetName=PB1 Pin=P20-10
Removed Pin From Net: NetName=INT Pin=P20-11
Removed Pin From Net: NetName=PB4 Pin=P20-12
Removed Pin From Net: NetName=A6/ALE Pin=P20-15
Removed Pin From Net: NetName=PB6 Pin=P20-16
Removed Pin From Net: NetName=D0 Pin=P20-17
Removed Pin From Net: NetName=PB8 Pin=P20-18
Removed Pin From Net: NetName=D1 Pin=P20-19
Removed Pin From Net: NetName=PB9 Pin=P20-20
Removed Pin From Net: NetName=D2 Pin=P20-21
Removed Pin From Net: NetName=PB10 Pin=P20-22
Removed Pin From Net: NetName=D3 Pin=P20-23
Removed Pin From Net: NetName=PB11 Pin=P20-24
Removed Pin From Net: NetName=D4 Pin=P20-25
Removed Pin From Net: NetName=PB12 Pin=P20-26
Removed Pin From Net: NetName=D5 Pin=P20-27
Removed Pin From Net: NetName=PB13 Pin=P20-28
Removed Pin From Net: NetName=D6 Pin=P20-29
Removed Pin From Net: NetName=PB14 Pin=P20-30
Removed Pin From Net: NetName=D7 Pin=P20-31
Removed Pin From Net: NetName=PB15 Pin=P20-32
Added Pin To Net: NetName=A6/ALE Pin=P20-7
Added Pin To Net: NetName=PB6 Pin=P20-8
Added Pin To Net: NetName=WR# Pin=P20-9
Added Pin To Net: NetName=PB0 Pin=P20-10
Added Pin To Net: NetName=RD# Pin=P20-11
Added Pin To Net: NetName=PB1 Pin=P20-12
Added Pin To Net: NetName=D0 Pin=P20-15
Added Pin To Net: NetName=PB8 Pin=P20-16
Added Pin To Net: NetName=D1 Pin=P20-17
Added Pin To Net: NetName=PB9 Pin=P20-18
Added Pin To Net: NetName=D2 Pin=P20-19
Added Pin To Net: NetName=PB10 Pin=P20-20
Added Pin To Net: NetName=D3 Pin=P20-21
Added Pin To Net: NetName=PB11 Pin=P20-22
Added Pin To Net: NetName=D4 Pin=P20-23
Added Pin To Net: NetName=PB12 Pin=P20-24
Added Pin To Net: NetName=D5 Pin=P20-25
Added Pin To Net: NetName=PB13 Pin=P20-26
Added Pin To Net: NetName=D6 Pin=P20-27
Added Pin To Net: NetName=PB14 Pin=P20-28
Added Pin To Net: NetName=D7 Pin=P20-29
Added Pin To Net: NetName=PB15 Pin=P20-30
Added Pin To Net: NetName=INT Pin=P20-31
Added Pin To Net: NetName=PB4 Pin=P20-32
