Removed Pin From Net: NetName=RXD0_232 Pin=COM0-1
Removed Pin From Net: NetName=TXD0_232 Pin=COM0-2
Removed Pin From Net: NetName=GND Pin=COM0-3
Removed Pin From Net: NetName=RXD1_232 Pin=COM1-1
Removed Pin From Net: NetName=TXD1_232 Pin=COM1-2
Removed Pin From Net: NetName=GND Pin=COM1-3
Removed Pin From Net: NetName=RXD2_232 Pin=COM2-1
Removed Pin From Net: NetName=TXD2_232 Pin=COM2-2
Removed Pin From Net: NetName=GND Pin=COM2-3
Removed Pin From Net: NetName=RXD3_232 Pin=COM3-1
Removed Pin From Net: NetName=TXD3_232 Pin=COM3-2
Removed Pin From Net: NetName=GND Pin=COM3-3
Removed Pin From Net: NetName=TXD4_232 Pin=COM4-1
Removed Pin From Net: NetName=RXD4_232 Pin=COM4-2
Removed Pin From Net: NetName=GND Pin=COM4-3
Removed Pin From Net: NetName=TXD5_232 Pin=COM5-1
Removed Pin From Net: NetName=RXD5_232 Pin=COM5-2
Removed Pin From Net: NetName=GND Pin=COM5-3
Removed Pin From Net: NetName=TXD6_232 Pin=COM6-1
Removed Pin From Net: NetName=RXD6_232 Pin=COM6-2
Removed Pin From Net: NetName=GND Pin=COM6-3
Removed Pin From Net: NetName=TXD7_232 Pin=COM7-1
Removed Pin From Net: NetName=RXD7_232 Pin=COM7-2
Removed Pin From Net: NetName=GND Pin=COM7-3
Removed Pin From Net: NetName=TXD0 Pin=P4-1
Removed Pin From Net: NetName=RXD0 Pin=P4-2
Removed Pin From Net: NetName=GND Pin=P4-3
Removed Pin From Net: NetName=TXD1 Pin=P5-1
Removed Pin From Net: NetName=RXD1 Pin=P5-2
Removed Pin From Net: NetName=GND Pin=P5-3
Removed Pin From Net: NetName=TXD2 Pin=P6-1
Removed Pin From Net: NetName=RXD2 Pin=P6-2
Removed Pin From Net: NetName=GND Pin=P6-3
Removed Pin From Net: NetName=TXD3 Pin=P7-1
Removed Pin From Net: NetName=RXD3 Pin=P7-2
Removed Pin From Net: NetName=GND Pin=P7-3
Removed Pin From Net: NetName=TXD4 Pin=P8-1
Removed Pin From Net: NetName=RXD4 Pin=P8-2
Removed Pin From Net: NetName=GND Pin=P8-3
Removed Pin From Net: NetName=TXD5 Pin=P9-1
Removed Pin From Net: NetName=RXD5 Pin=P9-2
Removed Pin From Net: NetName=GND Pin=P9-3
Removed Pin From Net: NetName=TXD6 Pin=P10-1
Removed Pin From Net: NetName=RXD6 Pin=P10-2
Removed Pin From Net: NetName=GND Pin=P10-3
Removed Pin From Net: NetName=TXD7 Pin=P11-1
Removed Pin From Net: NetName=RXD7 Pin=P11-2
Removed Pin From Net: NetName=GND Pin=P11-3
Removed Member From Class: ClassName=去耦电容&接口 Member=C14
Removed Member From Class: ClassName=去耦电容&接口 Member=C15
Added Pin To Net: NetName=GND Pin=COM0-1
Added Pin To Net: NetName=RXD0_232 Pin=COM0-2
Added Pin To Net: NetName=GND Pin=COM1-1
Added Pin To Net: NetName=RXD1_232 Pin=COM1-2
Added Pin To Net: NetName=GND Pin=COM2-1
Added Pin To Net: NetName=RXD2_232 Pin=COM2-2
Added Pin To Net: NetName=GND Pin=COM3-1
Added Pin To Net: NetName=RXD3_232 Pin=COM3-2
Added Pin To Net: NetName=GND Pin=COM4-1
Added Pin To Net: NetName=TXD4_232 Pin=COM4-2
Added Pin To Net: NetName=GND Pin=COM5-1
Added Pin To Net: NetName=TXD5_232 Pin=COM5-2
Added Pin To Net: NetName=GND Pin=COM6-1
Added Pin To Net: NetName=TXD6_232 Pin=COM6-2
Added Pin To Net: NetName=GND Pin=COM7-1
Added Pin To Net: NetName=TXD7_232 Pin=COM7-2
Added Pin To Net: NetName=GND Pin=P4-1
Added Pin To Net: NetName=TXD0 Pin=P4-2
Added Pin To Net: NetName=RXD0 Pin=P4-3
Added Pin To Net: NetName=GND Pin=P5-1
Added Pin To Net: NetName=TXD1 Pin=P5-2
Added Pin To Net: NetName=RXD1 Pin=P5-3
Added Pin To Net: NetName=GND Pin=P6-1
Added Pin To Net: NetName=TXD2 Pin=P6-2
Added Pin To Net: NetName=RXD2 Pin=P6-3
Added Pin To Net: NetName=GND Pin=P7-1
Added Pin To Net: NetName=TXD3 Pin=P7-2
Added Pin To Net: NetName=RXD3 Pin=P7-3
Added Pin To Net: NetName=GND Pin=P8-1
Added Pin To Net: NetName=TXD4 Pin=P8-2
Added Pin To Net: NetName=RXD4 Pin=P8-3
Added Pin To Net: NetName=GND Pin=P9-1
Added Pin To Net: NetName=TXD5 Pin=P9-2
Added Pin To Net: NetName=RXD5 Pin=P9-3
Added Pin To Net: NetName=GND Pin=P10-1
Added Pin To Net: NetName=TXD6 Pin=P10-2
Added Pin To Net: NetName=RXD6 Pin=P10-3
Added Pin To Net: NetName=GND Pin=P11-1
Added Pin To Net: NetName=TXD7 Pin=P11-2
Added Pin To Net: NetName=RXD7 Pin=P11-3
