Removed Pin From Net: NetName=PA9 Pin=P1-1
Removed Pin From Net: NetName=PA10 Pin=P1-2
Removed Pin From Net: NetName=TXD Pin=P1-6
Removed Pin From Net: NetName=RXD Pin=P1-7
Removed Pin From Net: NetName=RXD0 Pin=P4-1
Removed Pin From Net: NetName=TXD0 Pin=P4-2
Removed Pin From Net: NetName=RXD1 Pin=P5-1
Removed Pin From Net: NetName=TXD1 Pin=P5-2
Removed Pin From Net: NetName=RXD2 Pin=P6-1
Removed Pin From Net: NetName=TXD2 Pin=P6-2
Removed Pin From Net: NetName=RXD3 Pin=P7-1
Removed Pin From Net: NetName=TXD3 Pin=P7-2
Removed Pin From Net: NetName=RXD4 Pin=P8-1
Removed Pin From Net: NetName=TXD4 Pin=P8-2
Removed Pin From Net: NetName=RXD5 Pin=P9-1
Removed Pin From Net: NetName=TXD5 Pin=P9-2
Removed Pin From Net: NetName=RXD6 Pin=P10-1
Removed Pin From Net: NetName=TXD6 Pin=P10-2
Removed Pin From Net: NetName=RXD7 Pin=P11-1
Removed Pin From Net: NetName=TXD7 Pin=P11-2
Added Pin To Net: NetName=PA10 Pin=P1-1
Added Pin To Net: NetName=PA9 Pin=P1-2
Added Pin To Net: NetName=RXD Pin=P1-6
Added Pin To Net: NetName=TXD Pin=P1-7
Added Pin To Net: NetName=TXD0 Pin=P4-1
Added Pin To Net: NetName=RXD0 Pin=P4-2
Added Pin To Net: NetName=TXD1 Pin=P5-1
Added Pin To Net: NetName=RXD1 Pin=P5-2
Added Pin To Net: NetName=TXD2 Pin=P6-1
Added Pin To Net: NetName=RXD2 Pin=P6-2
Added Pin To Net: NetName=TXD3 Pin=P7-1
Added Pin To Net: NetName=RXD3 Pin=P7-2
Added Pin To Net: NetName=TXD4 Pin=P8-1
Added Pin To Net: NetName=RXD4 Pin=P8-2
Added Pin To Net: NetName=TXD5 Pin=P9-1
Added Pin To Net: NetName=RXD5 Pin=P9-2
Added Pin To Net: NetName=TXD6 Pin=P10-1
Added Pin To Net: NetName=RXD6 Pin=P10-2
Added Pin To Net: NetName=TXD7 Pin=P11-1
Added Pin To Net: NetName=RXD7 Pin=P11-2
