Removed Pin From Net: NetName=5V Pin=C24-2
Removed Pin From Net: NetName=5V Pin=C33-2
Removed Pin From Net: NetName=5V Pin=C34-2
Removed Pin From Net: NetName=5V Pin=C43-2
Removed Pin From Net: NetName=5V Pin=C44-2
Removed Pin From Net: NetName=5V Pin=C53-2
Removed Pin From Net: NetName=5V Pin=C54-2
Added Pin To Net: NetName=5V Pin=C24-1
Added Pin To Net: NetName=5V Pin=C33-1
Added Pin To Net: NetName=5V Pin=C34-1
Added Pin To Net: NetName=5V Pin=C43-1
Added Pin To Net: NetName=5V Pin=C44-1
Added Pin To Net: NetName=5V Pin=C53-1
Added Pin To Net: NetName=5V Pin=C54-1
Added Pin To Net: NetName=NetC24_2 Pin=C24-2
Added Pin To Net: NetName=NetC24_2 Pin=U6-2
Added Net: Name=NetC24_2
Added Pin To Net: NetName=NetC33_2 Pin=C33-2
Added Pin To Net: NetName=NetC33_2 Pin=U7-2
Added Net: Name=NetC33_2
Added Pin To Net: NetName=NetC34_2 Pin=C34-2
Added Pin To Net: NetName=NetC34_2 Pin=U8-2
Added Net: Name=NetC34_2
Added Pin To Net: NetName=NetC43_2 Pin=C43-2
Added Pin To Net: NetName=NetC43_2 Pin=U9-2
Added Net: Name=NetC43_2
Added Pin To Net: NetName=NetC44_2 Pin=C44-2
Added Pin To Net: NetName=NetC44_2 Pin=U10-2
Added Net: Name=NetC44_2
Added Pin To Net: NetName=NetC53_2 Pin=C53-2
Added Pin To Net: NetName=NetC53_2 Pin=U11-2
Added Net: Name=NetC53_2
Added Pin To Net: NetName=NetC54_2 Pin=C54-2
Added Pin To Net: NetName=NetC54_2 Pin=U12-2
Added Net: Name=NetC54_2
